<?xml version="1.0" encoding="UTF-8"?>
<!-- Generated by org.testng.reporters.JUnitXMLReporter -->
<testsuite ignored="4" hostname="ATMECSINLT-722" failures="0" tests="2" name="CreatePortFolio" time="0.027" errors="0" timestamp="16 Mar 2023 11:41:35 GMT">
  <testcase classname="testCases.Session" name="doLogin" time="0.003"/>
  <testcase classname="testCases.PortFolioManagement" name="createPortfolio" time="0.001"/>
  <testcase classname="testCases.PortFolioManagement" name="deletePortfolio" time="0.0">
    <ignored/>
  </testcase> <!-- deletePortfolio -->
  <testcase classname="testCases.BaseTest" name="@BeforeTest beforeTest" time="0.0">
    <ignored/>
  </testcase> <!-- @BeforeTest beforeTest -->
  <testcase classname="testCases.Session" name="doLogOut" time="0.0">
    <ignored/>
  </testcase> <!-- doLogOut -->
  <testcase classname="testCases.PortFolioManagement" name="modifyPortfolio" time="0.0">
    <ignored/>
  </testcase> <!-- modifyPortfolio -->
</testsuite> <!-- CreatePortFolio -->
