<?xml version="1.0" encoding="UTF-8"?>
<!-- Generated by org.testng.reporters.JUnitXMLReporter -->
<testsuite ignored="4" hostname="ATMECSINLT-722" failures="1" tests="2" name="CreatePortFolio" time="0.031" errors="0" timestamp="20 Mar 2023 11:39:09 GMT">
  <testcase classname="testCases.Session" name="doLogin" time="0.003">
    <failure type="java.lang.NullPointerException" message="Cannot invoke &amp;quot;String.equals(Object)&amp;quot; because the return value of &amp;quot;java.util.Properties.getProperty(String)&amp;quot; is null">
      <![CDATA[java.lang.NullPointerException: Cannot invoke "String.equals(Object)" because the return value of "java.util.Properties.getProperty(String)" is null
at keywords.GenericKeywors.openBrowser(GenericKeywors.java:24)
at testCases.Session.doLogin(Session.java:11)
... Removed 25 stack frames]]>
    </failure>
  </testcase> <!-- doLogin -->
  <testcase classname="testCases.PortFolioManagement" name="createPortfolio" time="0.001"/>
  <testcase classname="testCases.PortFolioManagement" name="deletePortfolio" time="0.0">
    <ignored/>
  </testcase> <!-- deletePortfolio -->
  <testcase classname="testCases.BaseTest" name="@BeforeTest beforeTest" time="0.0">
    <ignored/>
  </testcase> <!-- @BeforeTest beforeTest -->
  <testcase classname="testCases.Session" name="doLogOut" time="0.0">
    <ignored/>
  </testcase> <!-- doLogOut -->
  <testcase classname="testCases.PortFolioManagement" name="modifyPortfolio" time="0.0">
    <ignored/>
  </testcase> <!-- modifyPortfolio -->
</testsuite> <!-- CreatePortFolio -->
